Arguments: 
  C:\Program Files\nodejs\node.exe C:\Program Files\nodejs\node_modules\yarn\bin\yarn.js lint

PATH: 
  C:\Windows\system32;C:\Windows;C:\Windows\System32\Wbem;C:\Windows\System32\WindowsPowerShell\v1.0\;C:\Windows\System32\OpenSSH\;C:\Program Files\Git\cmd;;C:\Users\004605\nvm;C:\Program Files\nodejs;D:\微信web开发者工具\dll;C:\Users\004605\AppData\Local\Microsoft\WindowsApps;C:\Users\004605\nvm;C:\Program Files\nodejs;D:\Microsoft VS Code\bin

Yarn version: 
  1.22.19

Node version: 
  14.19.1

Platform: 
  win32 x64

Trace: 
  SyntaxError: D:\workspace\m-react\package.json: Unexpected token } in JSON at position 176
      at JSON.parse (<anonymous>)
      at C:\Users\004605\nvm\v14.19.1\node_modules\yarn\lib\cli.js:1629:59
      at Generator.next (<anonymous>)
      at step (C:\Users\004605\nvm\v14.19.1\node_modules\yarn\lib\cli.js:310:30)
      at C:\Users\004605\nvm\v14.19.1\node_modules\yarn\lib\cli.js:321:13

npm manifest: 
  {
    "name": "m-react",
    "version": "1.0.0",
    "description": "",
    "main": "index.js",
    "scripts": {
      "lint": "eslint --ext .js,.ts,.jsx,.tsx --fix --quiet ./packages",
    },
    "keywords": [],
    "author": "",
    "license": "ISC",
    "devDependencies": {
      "@typescript-eslint/eslint-plugin": "^5.49.0",
      "eslint": "^8.33.0",
      "eslint-config-prettier": "^8.6.0",
      "eslint-plugin-prettier": "^4.2.1",
      "prettier": "^2.8.3"
    }
  }

yarn manifest: 
  No manifest

Lockfile: 
  No lockfile
